<?xml version="1.0" encoding="UTF-8"?>
<testng-results ignored="0" total="10" passed="9" failed="1" skipped="0">
  <reporter-output>
  </reporter-output>
  <suite started-at="2022-01-10T10:05:50 IST" name="Suite" finished-at="2022-01-10T10:06:32 IST" duration-ms="41882">
    <groups>
    </groups>
    <test started-at="2022-01-10T10:05:50 IST" name="ValidateLogin" finished-at="2022-01-10T10:06:16 IST" duration-ms="25662">
      <class name="NaveenQA.GenProInterview.LoginTest">
        <test-method is-config="true" signature="initialize()[pri:0, instance:NaveenQA.GenProInterview.LoginTest@5fd4f8f5]" started-at="2022-01-10T10:05:50 IST" name="initialize" finished-at="2022-01-10T10:05:53 IST" duration-ms="2800" status="PASS">
          <reporter-output>
          </reporter-output>
        </test-method> <!-- initialize -->
        <test-method signature="UsersValidation(java.lang.String,java.lang.String,java.lang.String)[pri:0, instance:NaveenQA.GenProInterview.LoginTest@5fd4f8f5]" started-at="2022-01-10T10:05:53 IST" name="UsersValidation" data-provider="getData" finished-at="2022-01-10T10:05:54 IST" duration-ms="457" status="PASS">
          <params>
            <param index="0">
              <value>
                <![CDATA[standard_user]]>
              </value>
            </param>
            <param index="1">
              <value>
                <![CDATA[secret_sauce]]>
              </value>
            </param>
            <param index="2">
              <value>
                <![CDATA[Verified Standard user Login]]>
              </value>
            </param>
          </params>
          <reporter-output>
          </reporter-output>
        </test-method> <!-- UsersValidation -->
        <test-method is-config="true" signature="TearDown()[pri:0, instance:NaveenQA.GenProInterview.LoginTest@5fd4f8f5]" started-at="2022-01-10T10:05:54 IST" name="TearDown" finished-at="2022-01-10T10:05:54 IST" duration-ms="143" status="PASS">
          <reporter-output>
          </reporter-output>
        </test-method> <!-- TearDown -->
        <test-method is-config="true" signature="initialize()[pri:0, instance:NaveenQA.GenProInterview.LoginTest@5fd4f8f5]" started-at="2022-01-10T10:05:54 IST" name="initialize" finished-at="2022-01-10T10:05:56 IST" duration-ms="1786" status="PASS">
          <reporter-output>
          </reporter-output>
        </test-method> <!-- initialize -->
        <test-method signature="UsersValidation(java.lang.String,java.lang.String,java.lang.String)[pri:0, instance:NaveenQA.GenProInterview.LoginTest@5fd4f8f5]" started-at="2022-01-10T10:05:56 IST" name="UsersValidation" data-provider="getData" finished-at="2022-01-10T10:06:06 IST" duration-ms="10373" status="FAIL">
          <params>
            <param index="0">
              <value>
                <![CDATA[locked_out_user]]>
              </value>
            </param>
            <param index="1">
              <value>
                <![CDATA[secret_sauce]]>
              </value>
            </param>
            <param index="2">
              <value>
                <![CDATA[Verified Locked out user Login]]>
              </value>
            </param>
          </params>
          <exception class="org.openqa.selenium.NoSuchElementException">
            <message>
              <![CDATA[no such element: Unable to locate element: {"method":"xpath","selector":"(//button[contains(text(),'Add to cart')])[last()]"}
  (Session info: chrome=97.0.4692.71)
For documentation on this error, please visit: https://selenium.dev/exceptions/#no_such_element
Build info: version: '4.1.1', revision: 'e8fcc2cecf'
System info: host: 'Midhuns-MacBook-Pro.local', ip: 'fe80:0:0:0:471:dadd:ad78:ddf3%en0', os.name: 'Mac OS X', os.arch: 'x86_64', os.version: '11.1', java.version: '11.0.13'
Driver info: org.openqa.selenium.chrome.ChromeDriver
Command: [1c58090f8e17c8e57cf332ec434a2d63, findElement {using=xpath, value=(//button[contains(text(),'Add to cart')])[last()]}]
Capabilities {acceptInsecureCerts: false, browserName: chrome, browserVersion: 97.0.4692.71, chrome: {chromedriverVersion: 97.0.4692.71 (adefa7837d02a..., userDataDir: /var/folders/f7/jghs2cmj1b3...}, goog:chromeOptions: {debuggerAddress: localhost:63328}, javascriptEnabled: true, networkConnectionEnabled: false, pageLoadStrategy: normal, platform: MAC, platformName: MAC, proxy: Proxy(), se:cdp: ws://localhost:63328/devtoo..., se:cdpVersion: 97.0.4692.71, setWindowRect: true, strictFileInteractability: false, timeouts: {implicit: 0, pageLoad: 300000, script: 30000}, unhandledPromptBehavior: dismiss and notify, webauthn:extension:credBlob: true, webauthn:extension:largeBlob: true, webauthn:virtualAuthenticators: true}
Session ID: 1c58090f8e17c8e57cf332ec434a2d63]]>
            </message>
            <full-stacktrace>
              <![CDATA[org.openqa.selenium.NoSuchElementException: no such element: Unable to locate element: {"method":"xpath","selector":"(//button[contains(text(),'Add to cart')])[last()]"}
  (Session info: chrome=97.0.4692.71)
For documentation on this error, please visit: https://selenium.dev/exceptions/#no_such_element
Build info: version: '4.1.1', revision: 'e8fcc2cecf'
System info: host: 'Midhuns-MacBook-Pro.local', ip: 'fe80:0:0:0:471:dadd:ad78:ddf3%en0', os.name: 'Mac OS X', os.arch: 'x86_64', os.version: '11.1', java.version: '11.0.13'
Driver info: org.openqa.selenium.chrome.ChromeDriver
Command: [1c58090f8e17c8e57cf332ec434a2d63, findElement {using=xpath, value=(//button[contains(text(),'Add to cart')])[last()]}]
Capabilities {acceptInsecureCerts: false, browserName: chrome, browserVersion: 97.0.4692.71, chrome: {chromedriverVersion: 97.0.4692.71 (adefa7837d02a..., userDataDir: /var/folders/f7/jghs2cmj1b3...}, goog:chromeOptions: {debuggerAddress: localhost:63328}, javascriptEnabled: true, networkConnectionEnabled: false, pageLoadStrategy: normal, platform: MAC, platformName: MAC, proxy: Proxy(), se:cdp: ws://localhost:63328/devtoo..., se:cdpVersion: 97.0.4692.71, setWindowRect: true, strictFileInteractability: false, timeouts: {implicit: 0, pageLoad: 300000, script: 30000}, unhandledPromptBehavior: dismiss and notify, webauthn:extension:credBlob: true, webauthn:extension:largeBlob: true, webauthn:virtualAuthenticators: true}
Session ID: 1c58090f8e17c8e57cf332ec434a2d63
at java.base/jdk.internal.reflect.NativeConstructorAccessorImpl.newInstance0(Native Method)
at java.base/jdk.internal.reflect.NativeConstructorAccessorImpl.newInstance(NativeConstructorAccessorImpl.java:62)
at java.base/jdk.internal.reflect.DelegatingConstructorAccessorImpl.newInstance(DelegatingConstructorAccessorImpl.java:45)
at java.base/java.lang.reflect.Constructor.newInstance(Constructor.java:490)
at org.openqa.selenium.remote.codec.w3c.W3CHttpResponseCodec.createException(W3CHttpResponseCodec.java:200)
at org.openqa.selenium.remote.codec.w3c.W3CHttpResponseCodec.decode(W3CHttpResponseCodec.java:133)
at org.openqa.selenium.remote.codec.w3c.W3CHttpResponseCodec.decode(W3CHttpResponseCodec.java:53)
at org.openqa.selenium.remote.HttpCommandExecutor.execute(HttpCommandExecutor.java:184)
at org.openqa.selenium.remote.service.DriverCommandExecutor.invokeExecute(DriverCommandExecutor.java:167)
at org.openqa.selenium.remote.service.DriverCommandExecutor.execute(DriverCommandExecutor.java:142)
at org.openqa.selenium.remote.RemoteWebDriver.execute(RemoteWebDriver.java:543)
at org.openqa.selenium.remote.ElementLocation$ElementFinder$2.findElement(ElementLocation.java:162)
at org.openqa.selenium.remote.ElementLocation.findElement(ElementLocation.java:60)
at org.openqa.selenium.remote.RemoteWebDriver.findElement(RemoteWebDriver.java:367)
at org.openqa.selenium.remote.RemoteWebDriver.findElement(RemoteWebDriver.java:359)
at pageObjects.ProductsPage.getAddtoCart(ProductsPage.java:32)
at NaveenQA.GenProInterview.LoginTest.UsersValidation(LoginTest.java:44)
at java.base/jdk.internal.reflect.NativeMethodAccessorImpl.invoke0(Native Method)
at java.base/jdk.internal.reflect.NativeMethodAccessorImpl.invoke(NativeMethodAccessorImpl.java:62)
at java.base/jdk.internal.reflect.DelegatingMethodAccessorImpl.invoke(DelegatingMethodAccessorImpl.java:43)
at java.base/java.lang.reflect.Method.invoke(Method.java:566)
at org.testng.internal.invokers.MethodInvocationHelper.invokeMethod(MethodInvocationHelper.java:135)
at org.testng.internal.invokers.TestInvoker.invokeMethod(TestInvoker.java:673)
at org.testng.internal.invokers.TestInvoker.invokeTestMethod(TestInvoker.java:220)
at org.testng.internal.invokers.MethodRunner.runInSequence(MethodRunner.java:50)
at org.testng.internal.invokers.TestInvoker$MethodInvocationAgent.invoke(TestInvoker.java:945)
at org.testng.internal.invokers.TestInvoker.invokeTestMethods(TestInvoker.java:193)
at org.testng.internal.invokers.TestMethodWorker.invokeTestMethods(TestMethodWorker.java:146)
at org.testng.internal.invokers.TestMethodWorker.run(TestMethodWorker.java:128)
at java.base/java.util.ArrayList.forEach(ArrayList.java:1541)
at org.testng.TestRunner.privateRun(TestRunner.java:808)
at org.testng.TestRunner.run(TestRunner.java:603)
at org.testng.SuiteRunner.runTest(SuiteRunner.java:429)
at org.testng.SuiteRunner.runSequentially(SuiteRunner.java:423)
at org.testng.SuiteRunner.privateRun(SuiteRunner.java:383)
at org.testng.SuiteRunner.run(SuiteRunner.java:326)
at org.testng.SuiteRunnerWorker.runSuite(SuiteRunnerWorker.java:52)
at org.testng.SuiteRunnerWorker.run(SuiteRunnerWorker.java:95)
at org.testng.TestNG.runSuitesSequentially(TestNG.java:1249)
at org.testng.TestNG.runSuitesLocally(TestNG.java:1169)
at org.testng.TestNG.runSuites(TestNG.java:1092)
at org.testng.TestNG.run(TestNG.java:1060)
at org.apache.maven.surefire.testng.TestNGExecutor.run(TestNGExecutor.java:284)
at org.apache.maven.surefire.testng.TestNGXmlTestSuite.execute(TestNGXmlTestSuite.java:75)
at org.apache.maven.surefire.testng.TestNGProvider.invoke(TestNGProvider.java:119)
at org.apache.maven.surefire.booter.ForkedBooter.runSuitesInProcess(ForkedBooter.java:428)
at org.apache.maven.surefire.booter.ForkedBooter.execute(ForkedBooter.java:162)
at org.apache.maven.surefire.booter.ForkedBooter.run(ForkedBooter.java:562)
at org.apache.maven.surefire.booter.ForkedBooter.main(ForkedBooter.java:548)
]]>
            </full-stacktrace>
          </exception> <!-- org.openqa.selenium.NoSuchElementException -->
          <reporter-output>
          </reporter-output>
        </test-method> <!-- UsersValidation -->
        <test-method is-config="true" signature="TearDown()[pri:0, instance:NaveenQA.GenProInterview.LoginTest@5fd4f8f5]" started-at="2022-01-10T10:06:06 IST" name="TearDown" finished-at="2022-01-10T10:06:06 IST" duration-ms="128" status="PASS">
          <reporter-output>
          </reporter-output>
        </test-method> <!-- TearDown -->
        <test-method is-config="true" signature="initialize()[pri:0, instance:NaveenQA.GenProInterview.LoginTest@5fd4f8f5]" started-at="2022-01-10T10:06:06 IST" name="initialize" finished-at="2022-01-10T10:06:08 IST" duration-ms="1733" status="PASS">
          <reporter-output>
          </reporter-output>
        </test-method> <!-- initialize -->
        <test-method signature="UsersValidation(java.lang.String,java.lang.String,java.lang.String)[pri:0, instance:NaveenQA.GenProInterview.LoginTest@5fd4f8f5]" started-at="2022-01-10T10:06:08 IST" name="UsersValidation" data-provider="getData" finished-at="2022-01-10T10:06:08 IST" duration-ms="422" status="PASS">
          <params>
            <param index="0">
              <value>
                <![CDATA[problem_user]]>
              </value>
            </param>
            <param index="1">
              <value>
                <![CDATA[secret_sauce]]>
              </value>
            </param>
            <param index="2">
              <value>
                <![CDATA[Verified Problem user Login]]>
              </value>
            </param>
          </params>
          <reporter-output>
          </reporter-output>
        </test-method> <!-- UsersValidation -->
        <test-method is-config="true" signature="TearDown()[pri:0, instance:NaveenQA.GenProInterview.LoginTest@5fd4f8f5]" started-at="2022-01-10T10:06:08 IST" name="TearDown" finished-at="2022-01-10T10:06:09 IST" duration-ms="131" status="PASS">
          <reporter-output>
          </reporter-output>
        </test-method> <!-- TearDown -->
        <test-method is-config="true" signature="initialize()[pri:0, instance:NaveenQA.GenProInterview.LoginTest@5fd4f8f5]" started-at="2022-01-10T10:06:09 IST" name="initialize" finished-at="2022-01-10T10:06:10 IST" duration-ms="1714" status="PASS">
          <reporter-output>
          </reporter-output>
        </test-method> <!-- initialize -->
        <test-method signature="UsersValidation(java.lang.String,java.lang.String,java.lang.String)[pri:0, instance:NaveenQA.GenProInterview.LoginTest@5fd4f8f5]" started-at="2022-01-10T10:06:10 IST" name="UsersValidation" data-provider="getData" finished-at="2022-01-10T10:06:16 IST" duration-ms="5566" status="PASS">
          <params>
            <param index="0">
              <value>
                <![CDATA[performance_glitch_user]]>
              </value>
            </param>
            <param index="1">
              <value>
                <![CDATA[secret_sauce]]>
              </value>
            </param>
            <param index="2">
              <value>
                <![CDATA[Verified Performance Glitch user Login]]>
              </value>
            </param>
          </params>
          <reporter-output>
          </reporter-output>
        </test-method> <!-- UsersValidation -->
        <test-method is-config="true" signature="TearDown()[pri:0, instance:NaveenQA.GenProInterview.LoginTest@5fd4f8f5]" started-at="2022-01-10T10:06:16 IST" name="TearDown" finished-at="2022-01-10T10:06:16 IST" duration-ms="131" status="PASS">
          <reporter-output>
          </reporter-output>
        </test-method> <!-- TearDown -->
      </class> <!-- NaveenQA.GenProInterview.LoginTest -->
    </test> <!-- ValidateLogin -->
    <test started-at="2022-01-10T10:06:16 IST" name="ValidateAddToCart" finished-at="2022-01-10T10:06:18 IST" duration-ms="2325">
      <class name="NaveenQA.GenProInterview.ValidateAddtoCartTest">
        <test-method is-config="true" signature="initialize()[pri:0, instance:NaveenQA.GenProInterview.ValidateAddtoCartTest@5fbdfdcf]" started-at="2022-01-10T10:06:16 IST" name="initialize" finished-at="2022-01-10T10:06:18 IST" duration-ms="1675" status="PASS">
          <reporter-output>
          </reporter-output>
        </test-method> <!-- initialize -->
        <test-method signature="ProductAddtoCart()[pri:0, instance:NaveenQA.GenProInterview.ValidateAddtoCartTest@5fbdfdcf]" started-at="2022-01-10T10:06:18 IST" name="ProductAddtoCart" finished-at="2022-01-10T10:06:18 IST" duration-ms="514" status="PASS">
          <reporter-output>
          </reporter-output>
        </test-method> <!-- ProductAddtoCart -->
        <test-method is-config="true" signature="TearDown()[pri:0, instance:NaveenQA.GenProInterview.ValidateAddtoCartTest@5fbdfdcf]" started-at="2022-01-10T10:06:18 IST" name="TearDown" finished-at="2022-01-10T10:06:18 IST" duration-ms="135" status="PASS">
          <reporter-output>
          </reporter-output>
        </test-method> <!-- TearDown -->
      </class> <!-- NaveenQA.GenProInterview.ValidateAddtoCartTest -->
    </test> <!-- ValidateAddToCart -->
    <test started-at="2022-01-10T10:06:18 IST" name="ValidateViewCart" finished-at="2022-01-10T10:06:21 IST" duration-ms="2428">
      <class name="NaveenQA.GenProInterview.ValidateViewCart">
        <test-method is-config="true" signature="initialize()[pri:0, instance:NaveenQA.GenProInterview.ValidateViewCart@16610890]" started-at="2022-01-10T10:06:18 IST" name="initialize" finished-at="2022-01-10T10:06:20 IST" duration-ms="1681" status="PASS">
          <reporter-output>
          </reporter-output>
        </test-method> <!-- initialize -->
        <test-method signature="ViewCart()[pri:0, instance:NaveenQA.GenProInterview.ValidateViewCart@16610890]" started-at="2022-01-10T10:06:20 IST" name="ViewCart" finished-at="2022-01-10T10:06:21 IST" duration-ms="610" status="PASS">
          <reporter-output>
          </reporter-output>
        </test-method> <!-- ViewCart -->
        <test-method is-config="true" signature="TearDown()[pri:0, instance:NaveenQA.GenProInterview.ValidateViewCart@16610890]" started-at="2022-01-10T10:06:21 IST" name="TearDown" finished-at="2022-01-10T10:06:21 IST" duration-ms="135" status="PASS">
          <reporter-output>
          </reporter-output>
        </test-method> <!-- TearDown -->
      </class> <!-- NaveenQA.GenProInterview.ValidateViewCart -->
    </test> <!-- ValidateViewCart -->
    <test started-at="2022-01-10T10:06:21 IST" name="ValidateCheckoutInformation" finished-at="2022-01-10T10:06:24 IST" duration-ms="2788">
      <class name="NaveenQA.GenProInterview.ValidateCheckoutInformationTest">
        <test-method is-config="true" signature="initialize()[pri:0, instance:NaveenQA.GenProInterview.ValidateCheckoutInformationTest@32ee6fee]" started-at="2022-01-10T10:06:21 IST" name="initialize" finished-at="2022-01-10T10:06:23 IST" duration-ms="1805" status="PASS">
          <reporter-output>
          </reporter-output>
        </test-method> <!-- initialize -->
        <test-method signature="VerifyCheckoutInfo()[pri:0, instance:NaveenQA.GenProInterview.ValidateCheckoutInformationTest@32ee6fee]" started-at="2022-01-10T10:06:23 IST" name="VerifyCheckoutInfo" finished-at="2022-01-10T10:06:23 IST" duration-ms="825" status="PASS">
          <reporter-output>
          </reporter-output>
        </test-method> <!-- VerifyCheckoutInfo -->
        <test-method is-config="true" signature="TearDown()[pri:0, instance:NaveenQA.GenProInterview.ValidateCheckoutInformationTest@32ee6fee]" started-at="2022-01-10T10:06:23 IST" name="TearDown" finished-at="2022-01-10T10:06:24 IST" duration-ms="157" status="PASS">
          <reporter-output>
          </reporter-output>
        </test-method> <!-- TearDown -->
      </class> <!-- NaveenQA.GenProInterview.ValidateCheckoutInformationTest -->
    </test> <!-- ValidateCheckoutInformation -->
    <test started-at="2022-01-10T10:06:24 IST" name="ValidateCheckoutOverview" finished-at="2022-01-10T10:06:26 IST" duration-ms="2690">
      <class name="NaveenQA.GenProInterview.ValidateCheckoutOverviewTest">
        <test-method is-config="true" signature="initialize()[pri:0, instance:NaveenQA.GenProInterview.ValidateCheckoutOverviewTest@28f2a10f]" started-at="2022-01-10T10:06:24 IST" name="initialize" finished-at="2022-01-10T10:06:25 IST" duration-ms="1674" status="PASS">
          <reporter-output>
          </reporter-output>
        </test-method> <!-- initialize -->
        <test-method signature="ValidateOverview()[pri:0, instance:NaveenQA.GenProInterview.ValidateCheckoutOverviewTest@28f2a10f]" started-at="2022-01-10T10:06:25 IST" name="ValidateOverview" finished-at="2022-01-10T10:06:26 IST" duration-ms="880" status="PASS">
          <reporter-output>
          </reporter-output>
        </test-method> <!-- ValidateOverview -->
        <test-method is-config="true" signature="TearDown()[pri:0, instance:NaveenQA.GenProInterview.ValidateCheckoutOverviewTest@28f2a10f]" started-at="2022-01-10T10:06:26 IST" name="TearDown" finished-at="2022-01-10T10:06:26 IST" duration-ms="135" status="PASS">
          <reporter-output>
          </reporter-output>
        </test-method> <!-- TearDown -->
      </class> <!-- NaveenQA.GenProInterview.ValidateCheckoutOverviewTest -->
    </test> <!-- ValidateCheckoutOverview -->
    <test started-at="2022-01-10T10:06:26 IST" name="ValidateCheckoutComplete" finished-at="2022-01-10T10:06:29 IST" duration-ms="3019">
      <class name="NaveenQA.GenProInterview.CheckOutCompleteTest">
        <test-method is-config="true" signature="initialize()[pri:0, instance:NaveenQA.GenProInterview.CheckOutCompleteTest@2b91004a]" started-at="2022-01-10T10:06:26 IST" name="initialize" finished-at="2022-01-10T10:06:28 IST" duration-ms="1769" status="PASS">
          <reporter-output>
          </reporter-output>
        </test-method> <!-- initialize -->
        <test-method signature="ValidateCheckOutComplete()[pri:0, instance:NaveenQA.GenProInterview.CheckOutCompleteTest@2b91004a]" started-at="2022-01-10T10:06:28 IST" name="ValidateCheckOutComplete" finished-at="2022-01-10T10:06:29 IST" duration-ms="1108" status="PASS">
          <reporter-output>
          </reporter-output>
        </test-method> <!-- ValidateCheckOutComplete -->
        <test-method is-config="true" signature="TearDown()[pri:0, instance:NaveenQA.GenProInterview.CheckOutCompleteTest@2b91004a]" started-at="2022-01-10T10:06:29 IST" name="TearDown" finished-at="2022-01-10T10:06:29 IST" duration-ms="139" status="PASS">
          <reporter-output>
          </reporter-output>
        </test-method> <!-- TearDown -->
      </class> <!-- NaveenQA.GenProInterview.CheckOutCompleteTest -->
    </test> <!-- ValidateCheckoutComplete -->
    <test started-at="2022-01-10T10:06:29 IST" name="ValidateLogout" finished-at="2022-01-10T10:06:32 IST" duration-ms="2886">
      <class name="NaveenQA.GenProInterview.LogoutTest">
        <test-method is-config="true" signature="initialize()[pri:0, instance:NaveenQA.GenProInterview.LogoutTest@47987356]" started-at="2022-01-10T10:06:29 IST" name="initialize" finished-at="2022-01-10T10:06:31 IST" duration-ms="1738" status="PASS">
          <reporter-output>
          </reporter-output>
        </test-method> <!-- initialize -->
        <test-method signature="ValidateLogout()[pri:0, instance:NaveenQA.GenProInterview.LogoutTest@47987356]" started-at="2022-01-10T10:06:31 IST" name="ValidateLogout" finished-at="2022-01-10T10:06:32 IST" duration-ms="1005" status="PASS">
          <reporter-output>
          </reporter-output>
        </test-method> <!-- ValidateLogout -->
        <test-method is-config="true" signature="TearDown()[pri:0, instance:NaveenQA.GenProInterview.LogoutTest@47987356]" started-at="2022-01-10T10:06:32 IST" name="TearDown" finished-at="2022-01-10T10:06:32 IST" duration-ms="142" status="PASS">
          <reporter-output>
          </reporter-output>
        </test-method> <!-- TearDown -->
      </class> <!-- NaveenQA.GenProInterview.LogoutTest -->
    </test> <!-- ValidateLogout -->
  </suite> <!-- Suite -->
</testng-results>
