<?xml version="1.0" encoding="UTF-8"?>
<testng-results ignored="0" total="10" passed="9" failed="1" skipped="0">
  <reporter-output>
  </reporter-output>
  <suite started-at="2022-01-10T10:03:53 IST" name="Suite" finished-at="2022-01-10T10:04:37 IST" duration-ms="43318">
    <groups>
    </groups>
    <test started-at="2022-01-10T10:03:53 IST" name="ValidateLogin" finished-at="2022-01-10T10:04:20 IST" duration-ms="26629">
      <class name="NaveenQA.GenProInterview.LoginTest">
        <test-method is-config="true" signature="initialize()[pri:0, instance:NaveenQA.GenProInterview.LoginTest@3d6f0054]" started-at="2022-01-10T10:03:53 IST" name="initialize" finished-at="2022-01-10T10:03:56 IST" duration-ms="2814" status="PASS">
          <reporter-output>
          </reporter-output>
        </test-method> <!-- initialize -->
        <test-method signature="UsersValidation(java.lang.String,java.lang.String,java.lang.String)[pri:0, instance:NaveenQA.GenProInterview.LoginTest@3d6f0054]" started-at="2022-01-10T10:03:56 IST" name="UsersValidation" data-provider="getData" finished-at="2022-01-10T10:03:57 IST" duration-ms="450" status="PASS">
          <params>
            <param index="0">
              <value>
                <![CDATA[standard_user]]>
              </value>
            </param>
            <param index="1">
              <value>
                <![CDATA[secret_sauce]]>
              </value>
            </param>
            <param index="2">
              <value>
                <![CDATA[Verified Standard user Login]]>
              </value>
            </param>
          </params>
          <reporter-output>
          </reporter-output>
        </test-method> <!-- UsersValidation -->
        <test-method is-config="true" signature="TearDown()[pri:0, instance:NaveenQA.GenProInterview.LoginTest@3d6f0054]" started-at="2022-01-10T10:03:57 IST" name="TearDown" finished-at="2022-01-10T10:03:57 IST" duration-ms="139" status="PASS">
          <reporter-output>
          </reporter-output>
        </test-method> <!-- TearDown -->
        <test-method is-config="true" signature="initialize()[pri:0, instance:NaveenQA.GenProInterview.LoginTest@3d6f0054]" started-at="2022-01-10T10:03:57 IST" name="initialize" finished-at="2022-01-10T10:03:59 IST" duration-ms="1726" status="PASS">
          <reporter-output>
          </reporter-output>
        </test-method> <!-- initialize -->
        <test-method signature="UsersValidation(java.lang.String,java.lang.String,java.lang.String)[pri:0, instance:NaveenQA.GenProInterview.LoginTest@3d6f0054]" started-at="2022-01-10T10:03:59 IST" name="UsersValidation" data-provider="getData" finished-at="2022-01-10T10:04:09 IST" duration-ms="10349" status="FAIL">
          <params>
            <param index="0">
              <value>
                <![CDATA[locked_out_user]]>
              </value>
            </param>
            <param index="1">
              <value>
                <![CDATA[secret_sauce]]>
              </value>
            </param>
            <param index="2">
              <value>
                <![CDATA[Verified Locked out user Login]]>
              </value>
            </param>
          </params>
          <exception class="org.openqa.selenium.NoSuchElementException">
            <message>
              <![CDATA[no such element: Unable to locate element: {"method":"xpath","selector":"(//button[contains(text(),'Add to cart')])[last()]"}
  (Session info: chrome=97.0.4692.71)
For documentation on this error, please visit: https://selenium.dev/exceptions/#no_such_element
Build info: version: '4.1.1', revision: 'e8fcc2cecf'
System info: host: 'Midhuns-MacBook-Pro.local', ip: 'fe80:0:0:0:471:dadd:ad78:ddf3%en0', os.name: 'Mac OS X', os.arch: 'x86_64', os.version: '11.1', java.version: '17.0.1'
Driver info: org.openqa.selenium.chrome.ChromeDriver
Command: [76fbc9cd806ac18f3c2f4a8853087bf1, findElement {using=xpath, value=(//button[contains(text(),'Add to cart')])[last()]}]
Capabilities {acceptInsecureCerts: false, browserName: chrome, browserVersion: 97.0.4692.71, chrome: {chromedriverVersion: 97.0.4692.71 (adefa7837d02a..., userDataDir: /var/folders/f7/jghs2cmj1b3...}, goog:chromeOptions: {debuggerAddress: localhost:63185}, javascriptEnabled: true, networkConnectionEnabled: false, pageLoadStrategy: normal, platform: MAC, platformName: MAC, proxy: Proxy(), se:cdp: ws://localhost:63185/devtoo..., se:cdpVersion: 97.0.4692.71, setWindowRect: true, strictFileInteractability: false, timeouts: {implicit: 0, pageLoad: 300000, script: 30000}, unhandledPromptBehavior: dismiss and notify, webauthn:extension:credBlob: true, webauthn:extension:largeBlob: true, webauthn:virtualAuthenticators: true}
Session ID: 76fbc9cd806ac18f3c2f4a8853087bf1]]>
            </message>
            <full-stacktrace>
              <![CDATA[org.openqa.selenium.NoSuchElementException: no such element: Unable to locate element: {"method":"xpath","selector":"(//button[contains(text(),'Add to cart')])[last()]"}
  (Session info: chrome=97.0.4692.71)
For documentation on this error, please visit: https://selenium.dev/exceptions/#no_such_element
Build info: version: '4.1.1', revision: 'e8fcc2cecf'
System info: host: 'Midhuns-MacBook-Pro.local', ip: 'fe80:0:0:0:471:dadd:ad78:ddf3%en0', os.name: 'Mac OS X', os.arch: 'x86_64', os.version: '11.1', java.version: '17.0.1'
Driver info: org.openqa.selenium.chrome.ChromeDriver
Command: [76fbc9cd806ac18f3c2f4a8853087bf1, findElement {using=xpath, value=(//button[contains(text(),'Add to cart')])[last()]}]
Capabilities {acceptInsecureCerts: false, browserName: chrome, browserVersion: 97.0.4692.71, chrome: {chromedriverVersion: 97.0.4692.71 (adefa7837d02a..., userDataDir: /var/folders/f7/jghs2cmj1b3...}, goog:chromeOptions: {debuggerAddress: localhost:63185}, javascriptEnabled: true, networkConnectionEnabled: false, pageLoadStrategy: normal, platform: MAC, platformName: MAC, proxy: Proxy(), se:cdp: ws://localhost:63185/devtoo..., se:cdpVersion: 97.0.4692.71, setWindowRect: true, strictFileInteractability: false, timeouts: {implicit: 0, pageLoad: 300000, script: 30000}, unhandledPromptBehavior: dismiss and notify, webauthn:extension:credBlob: true, webauthn:extension:largeBlob: true, webauthn:virtualAuthenticators: true}
Session ID: 76fbc9cd806ac18f3c2f4a8853087bf1
at java.base/jdk.internal.reflect.NativeConstructorAccessorImpl.newInstance0(Native Method)
at java.base/jdk.internal.reflect.NativeConstructorAccessorImpl.newInstance(NativeConstructorAccessorImpl.java:77)
at java.base/jdk.internal.reflect.DelegatingConstructorAccessorImpl.newInstance(DelegatingConstructorAccessorImpl.java:45)
at java.base/java.lang.reflect.Constructor.newInstanceWithCaller(Constructor.java:499)
at java.base/java.lang.reflect.Constructor.newInstance(Constructor.java:480)
at org.openqa.selenium.remote.codec.w3c.W3CHttpResponseCodec.createException(W3CHttpResponseCodec.java:200)
at org.openqa.selenium.remote.codec.w3c.W3CHttpResponseCodec.decode(W3CHttpResponseCodec.java:133)
at org.openqa.selenium.remote.codec.w3c.W3CHttpResponseCodec.decode(W3CHttpResponseCodec.java:53)
at org.openqa.selenium.remote.HttpCommandExecutor.execute(HttpCommandExecutor.java:184)
at org.openqa.selenium.remote.service.DriverCommandExecutor.invokeExecute(DriverCommandExecutor.java:167)
at org.openqa.selenium.remote.service.DriverCommandExecutor.execute(DriverCommandExecutor.java:142)
at org.openqa.selenium.remote.RemoteWebDriver.execute(RemoteWebDriver.java:543)
at org.openqa.selenium.remote.ElementLocation$ElementFinder$2.findElement(ElementLocation.java:162)
at org.openqa.selenium.remote.ElementLocation.findElement(ElementLocation.java:60)
at org.openqa.selenium.remote.RemoteWebDriver.findElement(RemoteWebDriver.java:367)
at org.openqa.selenium.remote.RemoteWebDriver.findElement(RemoteWebDriver.java:359)
at pageObjects.ProductsPage.getAddtoCart(ProductsPage.java:32)
at NaveenQA.GenProInterview.LoginTest.UsersValidation(LoginTest.java:44)
at java.base/jdk.internal.reflect.NativeMethodAccessorImpl.invoke0(Native Method)
at java.base/jdk.internal.reflect.NativeMethodAccessorImpl.invoke(NativeMethodAccessorImpl.java:77)
at java.base/jdk.internal.reflect.DelegatingMethodAccessorImpl.invoke(DelegatingMethodAccessorImpl.java:43)
at java.base/java.lang.reflect.Method.invoke(Method.java:568)
at org.testng.internal.MethodInvocationHelper.invokeMethod(MethodInvocationHelper.java:133)
at org.testng.internal.TestInvoker.invokeMethod(TestInvoker.java:598)
at org.testng.internal.TestInvoker.invokeTestMethod(TestInvoker.java:173)
at org.testng.internal.MethodRunner.runInSequence(MethodRunner.java:46)
at org.testng.internal.TestInvoker$MethodInvocationAgent.invoke(TestInvoker.java:824)
at org.testng.internal.TestInvoker.invokeTestMethods(TestInvoker.java:146)
at org.testng.internal.TestMethodWorker.invokeTestMethods(TestMethodWorker.java:146)
at org.testng.internal.TestMethodWorker.run(TestMethodWorker.java:128)
at java.base/java.util.ArrayList.forEach(ArrayList.java:1511)
at org.testng.TestRunner.privateRun(TestRunner.java:794)
at org.testng.TestRunner.run(TestRunner.java:596)
at org.testng.SuiteRunner.runTest(SuiteRunner.java:377)
at org.testng.SuiteRunner.runSequentially(SuiteRunner.java:371)
at org.testng.SuiteRunner.privateRun(SuiteRunner.java:332)
at org.testng.SuiteRunner.run(SuiteRunner.java:276)
at org.testng.SuiteRunnerWorker.runSuite(SuiteRunnerWorker.java:53)
at org.testng.SuiteRunnerWorker.run(SuiteRunnerWorker.java:96)
at org.testng.TestNG.runSuitesSequentially(TestNG.java:1212)
at org.testng.TestNG.runSuitesLocally(TestNG.java:1134)
at org.testng.TestNG.runSuites(TestNG.java:1063)
at org.testng.TestNG.run(TestNG.java:1031)
at org.testng.remote.AbstractRemoteTestNG.run(AbstractRemoteTestNG.java:115)
at org.testng.remote.RemoteTestNG.initAndRun(RemoteTestNG.java:251)
at org.testng.remote.RemoteTestNG.main(RemoteTestNG.java:77)
]]>
            </full-stacktrace>
          </exception> <!-- org.openqa.selenium.NoSuchElementException -->
          <reporter-output>
          </reporter-output>
        </test-method> <!-- UsersValidation -->
        <test-method is-config="true" signature="TearDown()[pri:0, instance:NaveenQA.GenProInterview.LoginTest@3d6f0054]" started-at="2022-01-10T10:04:09 IST" name="TearDown" finished-at="2022-01-10T10:04:09 IST" duration-ms="126" status="PASS">
          <reporter-output>
          </reporter-output>
        </test-method> <!-- TearDown -->
        <test-method is-config="true" signature="initialize()[pri:0, instance:NaveenQA.GenProInterview.LoginTest@3d6f0054]" started-at="2022-01-10T10:04:09 IST" name="initialize" finished-at="2022-01-10T10:04:12 IST" duration-ms="2771" status="PASS">
          <reporter-output>
          </reporter-output>
        </test-method> <!-- initialize -->
        <test-method signature="UsersValidation(java.lang.String,java.lang.String,java.lang.String)[pri:0, instance:NaveenQA.GenProInterview.LoginTest@3d6f0054]" started-at="2022-01-10T10:04:12 IST" name="UsersValidation" data-provider="getData" finished-at="2022-01-10T10:04:13 IST" duration-ms="405" status="PASS">
          <params>
            <param index="0">
              <value>
                <![CDATA[problem_user]]>
              </value>
            </param>
            <param index="1">
              <value>
                <![CDATA[secret_sauce]]>
              </value>
            </param>
            <param index="2">
              <value>
                <![CDATA[Verified Problem user Login]]>
              </value>
            </param>
          </params>
          <reporter-output>
          </reporter-output>
        </test-method> <!-- UsersValidation -->
        <test-method is-config="true" signature="TearDown()[pri:0, instance:NaveenQA.GenProInterview.LoginTest@3d6f0054]" started-at="2022-01-10T10:04:13 IST" name="TearDown" finished-at="2022-01-10T10:04:13 IST" duration-ms="130" status="PASS">
          <reporter-output>
          </reporter-output>
        </test-method> <!-- TearDown -->
        <test-method is-config="true" signature="initialize()[pri:0, instance:NaveenQA.GenProInterview.LoginTest@3d6f0054]" started-at="2022-01-10T10:04:13 IST" name="initialize" finished-at="2022-01-10T10:04:14 IST" duration-ms="1724" status="PASS">
          <reporter-output>
          </reporter-output>
        </test-method> <!-- initialize -->
        <test-method signature="UsersValidation(java.lang.String,java.lang.String,java.lang.String)[pri:0, instance:NaveenQA.GenProInterview.LoginTest@3d6f0054]" started-at="2022-01-10T10:04:14 IST" name="UsersValidation" data-provider="getData" finished-at="2022-01-10T10:04:20 IST" duration-ms="5587" status="PASS">
          <params>
            <param index="0">
              <value>
                <![CDATA[performance_glitch_user]]>
              </value>
            </param>
            <param index="1">
              <value>
                <![CDATA[secret_sauce]]>
              </value>
            </param>
            <param index="2">
              <value>
                <![CDATA[Verified Performance Glitch user Login]]>
              </value>
            </param>
          </params>
          <reporter-output>
          </reporter-output>
        </test-method> <!-- UsersValidation -->
        <test-method is-config="true" signature="TearDown()[pri:0, instance:NaveenQA.GenProInterview.LoginTest@3d6f0054]" started-at="2022-01-10T10:04:20 IST" name="TearDown" finished-at="2022-01-10T10:04:20 IST" duration-ms="135" status="PASS">
          <reporter-output>
          </reporter-output>
        </test-method> <!-- TearDown -->
      </class> <!-- NaveenQA.GenProInterview.LoginTest -->
    </test> <!-- ValidateLogin -->
    <test started-at="2022-01-10T10:04:20 IST" name="ValidateAddToCart" finished-at="2022-01-10T10:04:23 IST" duration-ms="2613">
      <class name="NaveenQA.GenProInterview.ValidateAddtoCartTest">
        <test-method is-config="true" signature="initialize()[pri:0, instance:NaveenQA.GenProInterview.ValidateAddtoCartTest@1b11171f]" started-at="2022-01-10T10:04:20 IST" name="initialize" finished-at="2022-01-10T10:04:22 IST" duration-ms="1972" status="PASS">
          <reporter-output>
          </reporter-output>
        </test-method> <!-- initialize -->
        <test-method signature="ProductAddtoCart()[pri:0, instance:NaveenQA.GenProInterview.ValidateAddtoCartTest@1b11171f]" started-at="2022-01-10T10:04:22 IST" name="ProductAddtoCart" finished-at="2022-01-10T10:04:23 IST" duration-ms="497" status="PASS">
          <reporter-output>
          </reporter-output>
        </test-method> <!-- ProductAddtoCart -->
        <test-method is-config="true" signature="TearDown()[pri:0, instance:NaveenQA.GenProInterview.ValidateAddtoCartTest@1b11171f]" started-at="2022-01-10T10:04:23 IST" name="TearDown" finished-at="2022-01-10T10:04:23 IST" duration-ms="141" status="PASS">
          <reporter-output>
          </reporter-output>
        </test-method> <!-- TearDown -->
      </class> <!-- NaveenQA.GenProInterview.ValidateAddtoCartTest -->
    </test> <!-- ValidateAddToCart -->
    <test started-at="2022-01-10T10:04:23 IST" name="ValidateViewCart" finished-at="2022-01-10T10:04:25 IST" duration-ms="2517">
      <class name="NaveenQA.GenProInterview.ValidateViewCart">
        <test-method is-config="true" signature="initialize()[pri:0, instance:NaveenQA.GenProInterview.ValidateViewCart@428640fa]" started-at="2022-01-10T10:04:23 IST" name="initialize" finished-at="2022-01-10T10:04:25 IST" duration-ms="1789" status="PASS">
          <reporter-output>
          </reporter-output>
        </test-method> <!-- initialize -->
        <test-method signature="ViewCart()[pri:0, instance:NaveenQA.GenProInterview.ValidateViewCart@428640fa]" started-at="2022-01-10T10:04:25 IST" name="ViewCart" finished-at="2022-01-10T10:04:25 IST" duration-ms="581" status="PASS">
          <reporter-output>
          </reporter-output>
        </test-method> <!-- ViewCart -->
        <test-method is-config="true" signature="TearDown()[pri:0, instance:NaveenQA.GenProInterview.ValidateViewCart@428640fa]" started-at="2022-01-10T10:04:25 IST" name="TearDown" finished-at="2022-01-10T10:04:25 IST" duration-ms="145" status="PASS">
          <reporter-output>
          </reporter-output>
        </test-method> <!-- TearDown -->
      </class> <!-- NaveenQA.GenProInterview.ValidateViewCart -->
    </test> <!-- ValidateViewCart -->
    <test started-at="2022-01-10T10:04:25 IST" name="ValidateCheckoutInformation" finished-at="2022-01-10T10:04:28 IST" duration-ms="2700">
      <class name="NaveenQA.GenProInterview.ValidateCheckoutInformationTest">
        <test-method is-config="true" signature="initialize()[pri:0, instance:NaveenQA.GenProInterview.ValidateCheckoutInformationTest@48aca48b]" started-at="2022-01-10T10:04:25 IST" name="initialize" finished-at="2022-01-10T10:04:27 IST" duration-ms="1742" status="PASS">
          <reporter-output>
          </reporter-output>
        </test-method> <!-- initialize -->
        <test-method signature="VerifyCheckoutInfo()[pri:0, instance:NaveenQA.GenProInterview.ValidateCheckoutInformationTest@48aca48b]" started-at="2022-01-10T10:04:27 IST" name="VerifyCheckoutInfo" finished-at="2022-01-10T10:04:28 IST" duration-ms="822" status="PASS">
          <reporter-output>
          </reporter-output>
        </test-method> <!-- VerifyCheckoutInfo -->
        <test-method is-config="true" signature="TearDown()[pri:0, instance:NaveenQA.GenProInterview.ValidateCheckoutInformationTest@48aca48b]" started-at="2022-01-10T10:04:28 IST" name="TearDown" finished-at="2022-01-10T10:04:28 IST" duration-ms="134" status="PASS">
          <reporter-output>
          </reporter-output>
        </test-method> <!-- TearDown -->
      </class> <!-- NaveenQA.GenProInterview.ValidateCheckoutInformationTest -->
    </test> <!-- ValidateCheckoutInformation -->
    <test started-at="2022-01-10T10:04:28 IST" name="ValidateCheckoutOverview" finished-at="2022-01-10T10:04:31 IST" duration-ms="2808">
      <class name="NaveenQA.GenProInterview.ValidateCheckoutOverviewTest">
        <test-method is-config="true" signature="initialize()[pri:0, instance:NaveenQA.GenProInterview.ValidateCheckoutOverviewTest@53aac487]" started-at="2022-01-10T10:04:28 IST" name="initialize" finished-at="2022-01-10T10:04:30 IST" duration-ms="1781" status="PASS">
          <reporter-output>
          </reporter-output>
        </test-method> <!-- initialize -->
        <test-method signature="ValidateOverview()[pri:0, instance:NaveenQA.GenProInterview.ValidateCheckoutOverviewTest@53aac487]" started-at="2022-01-10T10:04:30 IST" name="ValidateOverview" finished-at="2022-01-10T10:04:31 IST" duration-ms="882" status="PASS">
          <reporter-output>
          </reporter-output>
        </test-method> <!-- ValidateOverview -->
        <test-method is-config="true" signature="TearDown()[pri:0, instance:NaveenQA.GenProInterview.ValidateCheckoutOverviewTest@53aac487]" started-at="2022-01-10T10:04:31 IST" name="TearDown" finished-at="2022-01-10T10:04:31 IST" duration-ms="141" status="PASS">
          <reporter-output>
          </reporter-output>
        </test-method> <!-- TearDown -->
      </class> <!-- NaveenQA.GenProInterview.ValidateCheckoutOverviewTest -->
    </test> <!-- ValidateCheckoutOverview -->
    <test started-at="2022-01-10T10:04:31 IST" name="ValidateCheckoutComplete" finished-at="2022-01-10T10:04:34 IST" duration-ms="3039">
      <class name="NaveenQA.GenProInterview.CheckOutCompleteTest">
        <test-method is-config="true" signature="initialize()[pri:0, instance:NaveenQA.GenProInterview.CheckOutCompleteTest@771a660]" started-at="2022-01-10T10:04:31 IST" name="initialize" finished-at="2022-01-10T10:04:33 IST" duration-ms="1751" status="PASS">
          <reporter-output>
          </reporter-output>
        </test-method> <!-- initialize -->
        <test-method signature="ValidateCheckOutComplete()[pri:0, instance:NaveenQA.GenProInterview.CheckOutCompleteTest@771a660]" started-at="2022-01-10T10:04:33 IST" name="ValidateCheckOutComplete" finished-at="2022-01-10T10:04:34 IST" duration-ms="1140" status="PASS">
          <reporter-output>
          </reporter-output>
        </test-method> <!-- ValidateCheckOutComplete -->
        <test-method is-config="true" signature="TearDown()[pri:0, instance:NaveenQA.GenProInterview.CheckOutCompleteTest@771a660]" started-at="2022-01-10T10:04:34 IST" name="TearDown" finished-at="2022-01-10T10:04:34 IST" duration-ms="146" status="PASS">
          <reporter-output>
          </reporter-output>
        </test-method> <!-- TearDown -->
      </class> <!-- NaveenQA.GenProInterview.CheckOutCompleteTest -->
    </test> <!-- ValidateCheckoutComplete -->
    <test started-at="2022-01-10T10:04:34 IST" name="ValidateLogout" finished-at="2022-01-10T10:04:37 IST" duration-ms="2921">
      <class name="NaveenQA.GenProInterview.LogoutTest">
        <test-method is-config="true" signature="initialize()[pri:0, instance:NaveenQA.GenProInterview.LogoutTest@5a45133e]" started-at="2022-01-10T10:04:34 IST" name="initialize" finished-at="2022-01-10T10:04:36 IST" duration-ms="1771" status="PASS">
          <reporter-output>
          </reporter-output>
        </test-method> <!-- initialize -->
        <test-method signature="ValidateLogout()[pri:0, instance:NaveenQA.GenProInterview.LogoutTest@5a45133e]" started-at="2022-01-10T10:04:36 IST" name="ValidateLogout" finished-at="2022-01-10T10:04:37 IST" duration-ms="1001" status="PASS">
          <reporter-output>
          </reporter-output>
        </test-method> <!-- ValidateLogout -->
        <test-method is-config="true" signature="TearDown()[pri:0, instance:NaveenQA.GenProInterview.LogoutTest@5a45133e]" started-at="2022-01-10T10:04:37 IST" name="TearDown" finished-at="2022-01-10T10:04:37 IST" duration-ms="146" status="PASS">
          <reporter-output>
          </reporter-output>
        </test-method> <!-- TearDown -->
      </class> <!-- NaveenQA.GenProInterview.LogoutTest -->
    </test> <!-- ValidateLogout -->
  </suite> <!-- Suite -->
</testng-results>
